RRR##
RRR##
RR BB
##BBB
##BBB
State 0

RRR##
RRR##
RRBBB
## BB
##BBB
State 1

RRR##
RR ##
RRBBB
##RBB
##BBB
State 2

RRR##
RRB##
RR BB
##RBB
##BBB
State 3

RRR##
RRB##
RRBBB
##RBB
## BB
State 4

RRR##
RRB##
RRBBB
## BB
##RBB
State 5

RRR##
RRB##
RRBBB
##BB 
##RBB
State 6

RRR##
RRB##
RRBBB
##BBB
##RB 
State 7

RRR##
RRB##
RRBBB
##BBB
## BR
State 8

RRR##
RRB##
RRBBB
##BBB
##B R
State 9

RRR##
RRB##
RRB B
##BBB
##BBR
State 10

RRR##
RRB##
R BRB
##BBB
##BBR
State 11

RRR##
RRB##
RB RB
##BBB
##BBR
State 12

RRR##
RRB##
RBBRB
##BBB
## BR
State 13

RRR##
RRB##
RBBRB
##BBB
##B R
State 14

RRR##
RRB##
RBB B
##BBB
##BRR
State 15

RRR##
RRB##
RB BB
##BBB
##BRR
State 16

RR ##
RRB##
RBRBB
##BBB
##BRR
State 17

RRB##
RR ##
RBRBB
##BBB
##BRR
State 18

RRB##
RRB##
RBRBB
## BB
##BRR
State 19

RRB##
RRB##
RBRBB
##BBB
## RR
State 20

RRB##
RRB##
RB BB
##BBB
##RRR
State 21

RRB##
RRB##
 BRBB
##BBB
##RRR
State 22

RRB##
RRB##
B RBB
##BBB
##RRR
State 23

RRB##
RRB##
BBR B
##BBB
##RRR
State 24

RRB##
RRB##
BBRBB
##B B
##RRR
State 25

RRB##
RRB##
BBRBB
##BB 
##RRR
State 26

RRB##
RRB##
BBRBB
##BBR
##RR 
State 27

RRB##
RRB##
BBRBB
##BBR
## RR
State 28

RRB##
RRB##
BB BB
##BBR
##RRR
State 29

RRB##
RRB##
B BBB
##BBR
##RRR
State 30

RRB##
R B##
BRBBB
##BBR
##RRR
State 31

RRB##
RB ##
BRBBB
##BBR
##RRR
State 32

RRB##
RBB##
BRBBB
## BR
##RRR
State 33

RRB##
RBB##
BRBBB
##B R
##RRR
State 34

RRB##
RBB##
BRB B
##BBR
##RRR
State 35

RRB##
RBB##
B BRB
##BBR
##RRR
State 36

RRB##
RBB##
BB RB
##BBR
##RRR
State 37

RRB##
RBB##
BBBRB
## BR
##RRR
State 38

RRB##
RBB##
BBBRB
##B R
##RRR
State 39

RRB##
RBB##
BBB B
##BRR
##RRR
State 40

RRB##
RBB##
B BBB
##BRR
##RRR
State 41

R B##
RBB##
BRBBB
##BRR
##RRR
State 42

RBB##
R B##
BRBBB
##BRR
##RRR
State 43

RBB##
RB ##
BRBBB
##BRR
##RRR
State 44

RBB##
RBB##
BR BB
##BRR
##RRR
State 45

RBB##
RBB##
BRB B
##BRR
##RRR
State 46

RBB##
RBB##
B BRB
##BRR
##RRR
State 47

RBB##
RBB##
BB RB
##BRR
##RRR
State 48

RBB##
RBB##
BBBRB
## RR
##RRR
State 49

RBB##
RBB##
BBBRB
##R R
##RRR
State 50

RBB##
RBB##
BBB B
##RRR
##RRR
State 51

RBB##
RBB##
BB BB
##RRR
##RRR
State 52

RBB##
RBB##
 BBBB
##RRR
##RRR
State 53

RBB##
 BB##
RBBBB
##RRR
##RRR
State 54

RBB##
BB ##
RBBBB
##RRR
##RRR
State 55

RBB##
BBB##
RB BB
##RRR
##RRR
State 56

RBB##
BBB##
 BRBB
##RRR
##RRR
State 57

RBB##
BBB##
B RBB
##RRR
##RRR
State 58

RBB##
BBB##
BBR B
##RRR
##RRR
State 59

RBB##
BBB##
BBRB 
##RRR
##RRR
State 60

RBB##
BBB##
BB BR
##RRR
##RRR
State 61

RBB##
BBB##
 BBBR
##RRR
##RRR
State 62

 BB##
BBB##
RBBBR
##RRR
##RRR
State 63

BBB##
 BB##
RBBBR
##RRR
##RRR
State 64

BBB##
BB ##
RBBBR
##RRR
##RRR
State 65

BBB##
BBB##
RB BR
##RRR
##RRR
State 66

BBB##
BBB##
 BRBR
##RRR
##RRR
State 67

BBB##
BBB##
B RBR
##RRR
##RRR
State 68

BBB##
BBB##
BBR R
##RRR
##RRR
State 69

BBB##
BBB##
BB RR
##RRR
##RRR
State 70

Solution has 70 steps.

