RRRR###
RRRR###
RRRR###
RRR BBB
###BBBB
###BBBB
###BBBB
State 0

RRRR###
RRRR###
RRRR###
RRRBBBB
### BBB
###BBBB
###BBBB
State 1

RRRR###
RRRR###
RRR ###
RRRBBBB
###RBBB
###BBBB
###BBBB
State 2

RRRR###
RRRR###
RRRB###
RRR BBB
###RBBB
###BBBB
###BBBB
State 3

RRRR###
RRRR###
RRRB###
RRRBBBB
###RBBB
### BBB
###BBBB
State 4

RRRR###
RRRR###
RRRB###
RRRBBBB
###RBBB
###BBBB
### BBB
State 5

RRRR###
RRRR###
RRRB###
RRRBBBB
### BBB
###BBBB
###RBBB
State 6

RRRR###
RRRR###
RRRB###
RRRBBBB
###BBBB
### BBB
###RBBB
State 7

RRRR###
RRRR###
RRRB###
RRRBBBB
###BBBB
###BB B
###RBBB
State 8

RRRR###
RRRR###
RRRB###
RRRBBBB
###BBBB
###BBBB
###RB B
State 9

RRRR###
RRRR###
RRRB###
RRRBBBB
###BBBB
###BBBB
### BRB
State 10

RRRR###
RRRR###
RRRB###
RRRBBBB
###BBBB
###BBBB
###B RB
State 11

RRRR###
RRRR###
RRRB###
RRRBBBB
###BBBB
###BBBB
###BBR 
State 12

RRRR###
RRRR###
RRRB###
RRRBBBB
###BBBB
###BBBB
###BB R
State 13

RRRR###
RRRR###
RRRB###
RRRBBBB
###BBBB
###BBBB
###B BR
State 14

RRRR###
RRRR###
RRRB###
RRRBBBB
###BBBB
###B BB
###BBBR
State 15

RRRR###
RRRR###
RRRB###
RRRB BB
###BBBB
###BBBB
###BBBR
State 16

RRRR###
RRRR###
RRRB###
RR BRBB
###BBBB
###BBBB
###BBBR
State 17

RRRR###
RRRR###
RRRB###
RRB RBB
###BBBB
###BBBB
###BBBR
State 18

RRRR###
RRRR###
RRRB###
RRBBRBB
###BBBB
### BBB
###BBBR
State 19

RRRR###
RRRR###
RRRB###
RRBBRBB
###BBBB
###B BB
###BBBR
State 20

RRRR###
RRRR###
RRRB###
RRBB BB
###BBBB
###BRBB
###BBBR
State 21

RRRR###
RRRR###
RRRB###
RRBBBBB
###B BB
###BRBB
###BBBR
State 22

RRRR###
RRRR###
RRRB###
RRBBBBB
###BBBB
###BRBB
###B BR
State 23

RRRR###
RRRR###
RRRB###
RRBBBBB
###BBBB
###B BB
###BRBR
State 24

RRRR###
RRRR###
RRRB###
RRBBBBB
###BBBB
###BB B
###BRBR
State 25

RRRR###
RRRR###
RRRB###
RRBBBBB
###BBBB
###BBBB
###BR R
State 26

RRRR###
RRRR###
RRRB###
RRBBBBB
###BBBB
###BBBB
###B RR
State 27

RRRR###
RRRR###
RRRB###
RRBBBBB
###BBBB
###BBBB
### BRR
State 28

RRRR###
RRRR###
RRRB###
RRBBBBB
###BBBB
### BBB
###BBRR
State 29

RRRR###
RRRR###
RRRB###
RRB BBB
###BBBB
###BBBB
###BBRR
State 30

RRRR###
RRR ###
RRRB###
RRBRBBB
###BBBB
###BBBB
###BBRR
State 31

RRRR###
RRRB###
RRR ###
RRBRBBB
###BBBB
###BBBB
###BBRR
State 32

RRRR###
RRRB###
RRRB###
RRBRBBB
### BBB
###BBBB
###BBRR
State 33

RRRR###
RRRB###
RRRB###
RRBRBBB
###BBBB
### BBB
###BBRR
State 34

RRRR###
RRRB###
RRRB###
RRB BBB
###BBBB
###RBBB
###BBRR
State 35

RRRR###
RRRB###
RRRB###
RRBBBBB
### BBB
###RBBB
###BBRR
State 36

RRRR###
RRRB###
RRRB###
RRBBBBB
###BBBB
###RBBB
### BRR
State 37

RRRR###
RRRB###
RRRB###
RRBBBBB
###BBBB
### BBB
###RBRR
State 38

RRRR###
RRRB###
RRRB###
RRB BBB
###BBBB
###BBBB
###RBRR
State 39

RRRR###
RRRB###
RRRB###
R BRBBB
###BBBB
###BBBB
###RBRR
State 40

RRRR###
RRRB###
RRRB###
RB RBBB
###BBBB
###BBBB
###RBRR
State 41

RRRR###
RRRB###
RRRB###
RBBR BB
###BBBB
###BBBB
###RBRR
State 42

RRRR###
RRRB###
RRRB###
RBBRBBB
###BBBB
###B BB
###RBRR
State 43

RRRR###
RRRB###
RRRB###
RBBRBBB
###BBBB
###BBBB
###R RR
State 44

RRRR###
RRRB###
RRRB###
RBBRBBB
###BBBB
###BBBB
### RRR
State 45

RRRR###
RRRB###
RRRB###
RBBRBBB
###BBBB
### BBB
###BRRR
State 46

RRRR###
RRRB###
RRRB###
RBB BBB
###BBBB
###RBBB
###BRRR
State 47

RRRR###
RRRB###
RRRB###
RBBBBBB
### BBB
###RBBB
###BRRR
State 48

RRRR###
RRRB###
RRRB###
RBBBBBB
###BBBB
###RBBB
### RRR
State 49

RRRR###
RRRB###
RRRB###
RBBBBBB
###BBBB
### BBB
###RRRR
State 50

RRRR###
RRRB###
RRRB###
RBBBBBB
###BBBB
###B BB
###RRRR
State 51

RRRR###
RRRB###
RRRB###
RBBB BB
###BBBB
###BBBB
###RRRR
State 52

RRRR###
RRRB###
RRRB###
RB BBBB
###BBBB
###BBBB
###RRRR
State 53

RRRR###
RRRB###
RR B###
RBRBBBB
###BBBB
###BBBB
###RRRR
State 54

RRRR###
RRRB###
RRB ###
RBRBBBB
###BBBB
###BBBB
###RRRR
State 55

RRRR###
RRRB###
RRBB###
RBRBBBB
### BBB
###BBBB
###RRRR
State 56

RRRR###
RRRB###
RRBB###
RBRBBBB
###BBBB
### BBB
###RRRR
State 57

RRRR###
RRRB###
RRBB###
RBRBBBB
###BBBB
###B BB
###RRRR
State 58

RRRR###
RRRB###
RRBB###
RBRB BB
###BBBB
###BBBB
###RRRR
State 59

RRRR###
RRRB###
RRBB###
RB BRBB
###BBBB
###BBBB
###RRRR
State 60

RRRR###
RRRB###
RRBB###
RBB RBB
###BBBB
###BBBB
###RRRR
State 61

RRRR###
RRRB###
RRBB###
RBBBRBB
###BBBB
### BBB
###RRRR
State 62

RRRR###
RRRB###
RRBB###
RBBBRBB
###BBBB
###B BB
###RRRR
State 63

RRRR###
RRRB###
RRBB###
RBBB BB
###BBBB
###BRBB
###RRRR
State 64

RRRR###
RRRB###
RRBB###
RBBBBBB
###B BB
###BRBB
###RRRR
State 65

RRRR###
RRRB###
RRBB###
RBBBBBB
###BBB 
###BRBB
###RRRR
State 66

RRRR###
RRRB###
RRBB###
RBBBBBB
###BBBB
###BRB 
###RRRR
State 67

RRRR###
RRRB###
RRBB###
RBBBBBB
###BBBB
###B BR
###RRRR
State 68

RRRR###
RRRB###
RRBB###
RBBB BB
###BBBB
###BBBR
###RRRR
State 69

RRRR###
RRRB###
RRBB###
RB BBBB
###BBBB
###BBBR
###RRRR
State 70

RRRR###
RR B###
RRBB###
RBRBBBB
###BBBB
###BBBR
###RRRR
State 71

RRRR###
RRBB###
RR B###
RBRBBBB
###BBBB
###BBBR
###RRRR
State 72

RRRR###
RRBB###
RRB ###
RBRBBBB
###BBBB
###BBBR
###RRRR
State 73

RRRR###
RRBB###
RRBB###
RBRBBBB
### BBB
###BBBR
###RRRR
State 74

RRRR###
RRBB###
RRBB###
RBRBBBB
###BBBB
### BBR
###RRRR
State 75

RRRR###
RRBB###
RRBB###
RBRBBBB
###BBBB
###B BR
###RRRR
State 76

RRRR###
RRBB###
RRBB###
RBRB BB
###BBBB
###BBBR
###RRRR
State 77

RRRR###
RRBB###
RRBB###
RB BRBB
###BBBB
###BBBR
###RRRR
State 78

RRRR###
RRBB###
RRBB###
RBB RBB
###BBBB
###BBBR
###RRRR
State 79

RRRR###
RRBB###
RRBB###
RBBBRBB
###BBBB
### BBR
###RRRR
State 80

RRRR###
RRBB###
RRBB###
RBBBRBB
###BBBB
###B BR
###RRRR
State 81

RRRR###
RRBB###
RRBB###
RBBB BB
###BBBB
###BRBR
###RRRR
State 82

RRRR###
RRBB###
RRBB###
RB BBBB
###BBBB
###BRBR
###RRRR
State 83

RRRR###
RRBB###
RRBB###
 BRBBBB
###BBBB
###BRBR
###RRRR
State 84

RRRR###
RRBB###
RRBB###
B RBBBB
###BBBB
###BRBR
###RRRR
State 85

RRRR###
RRBB###
RRBB###
BBR BBB
###BBBB
###BRBR
###RRRR
State 86

RRRR###
RRBB###
RRBB###
BBRBBBB
###BBBB
### RBR
###RRRR
State 87

RRRR###
RRBB###
RRBB###
BBRBBBB
###BBBB
###BR R
###RRRR
State 88

RRRR###
RRBB###
RRBB###
BBRBBBB
###BBBB
###B RR
###RRRR
State 89

RRRR###
RRBB###
RRBB###
BBRB BB
###BBBB
###BBRR
###RRRR
State 90

RRRR###
RRBB###
RRBB###
BB BRBB
###BBBB
###BBRR
###RRRR
State 91

RRRR###
RRBB###
RRBB###
BBB RBB
###BBBB
###BBRR
###RRRR
State 92

RRRR###
RRBB###
RRBB###
BBBBRBB
###BBBB
### BRR
###RRRR
State 93

RRRR###
RRBB###
RRBB###
BBBBRBB
###BBBB
###B RR
###RRRR
State 94

RRRR###
RRBB###
RRBB###
BBBB BB
###BBBB
###BRRR
###RRRR
State 95

RRRR###
RRBB###
RRBB###
BBB BBB
###BBBB
###BRRR
###RRRR
State 96

RRRR###
RRBB###
RRBB###
B BBBBB
###BBBB
###BRRR
###RRRR
State 97

RRRR###
R BB###
RRBB###
BRBBBBB
###BBBB
###BRRR
###RRRR
State 98

RRRR###
RBB ###
RRBB###
BRBBBBB
###BBBB
###BRRR
###RRRR
State 99

RRRR###
RBBB###
RRBB###
BRB BBB
###BBBB
###BRRR
###RRRR
State 100

RRRR###
RBBB###
RRBB###
B BRBBB
###BBBB
###BRRR
###RRRR
State 101

RRRR###
RBBB###
RRBB###
BB RBBB
###BBBB
###BRRR
###RRRR
State 102

RRRR###
RBBB###
RRBB###
BBBR BB
###BBBB
###BRRR
###RRRR
State 103

RRRR###
RBBB###
RRBB###
BBBRBBB
###B BB
###BRRR
###RRRR
State 104

RRRR###
RBBB###
RRBB###
BBBRBBB
###BBB 
###BRRR
###RRRR
State 105

RRRR###
RBBB###
RRBB###
BBBRBBB
###BBBR
###BRR 
###RRRR
State 106

RRRR###
RBBB###
RRBB###
BBBRBBB
###BBBR
###B RR
###RRRR
State 107

RRRR###
RBBB###
RRBB###
BBBRBBB
###BBBR
### BRR
###RRRR
State 108

RRRR###
RBBB###
RRBB###
BBB BBB
###BBBR
###RBRR
###RRRR
State 109

RRRR###
RBBB###
RRBB###
BBBBBBB
### BBR
###RBRR
###RRRR
State 110

RRRR###
RBBB###
RRBB###
BBBBBBB
###B BR
###RBRR
###RRRR
State 111

RRRR###
RBBB###
RRBB###
BBBBBBB
###BBBR
###R RR
###RRRR
State 112

RRRR###
RBBB###
RRBB###
BBBBBBB
###BBBR
###RRR 
###RRRR
State 113

RRRR###
RBBB###
RRBB###
BBBBBBB
###BBB 
###RRRR
###RRRR
State 114

RRRR###
RBBB###
RRBB###
BBBBBBB
###BB B
###RRRR
###RRRR
State 115

RRRR###
RBBB###
RRBB###
BBBBBBB
### BBB
###RRRR
###RRRR
State 116

RRRR###
RBBB###
RRBB###
BBB BBB
###BBBB
###RRRR
###RRRR
State 117

RRRR###
RBBB###
RRBB###
B BBBBB
###BBBB
###RRRR
###RRRR
State 118

RRRR###
RBBB###
R BB###
BRBBBBB
###BBBB
###RRRR
###RRRR
State 119

RRRR###
RBBB###
RBB ###
BRBBBBB
###BBBB
###RRRR
###RRRR
State 120

RRRR###
RBBB###
RBBB###
BRB BBB
###BBBB
###RRRR
###RRRR
State 121

RRRR###
RBBB###
RBBB###
B BRBBB
###BBBB
###RRRR
###RRRR
State 122

RRRR###
RBBB###
RBBB###
BB RBBB
###BBBB
###RRRR
###RRRR
State 123

RRRR###
RBBB###
RBBB###
BBBR BB
###BBBB
###RRRR
###RRRR
State 124

RRRR###
RBBB###
RBBB###
BBBRBBB
###B BB
###RRRR
###RRRR
State 125

RRRR###
RBBB###
RBBB###
BBBRBBB
###BBB 
###RRRR
###RRRR
State 126

RRRR###
RBBB###
RBBB###
BBBRBBB
###BBBR
###RRR 
###RRRR
State 127

RRRR###
RBBB###
RBBB###
BBBRBBB
###BBBR
###RR R
###RRRR
State 128

RRRR###
RBBB###
RBBB###
BBBRBBB
###BBBR
### RRR
###RRRR
State 129

RRRR###
RBBB###
RBBB###
BBB BBB
###BBBR
###RRRR
###RRRR
State 130

RRRR###
RBBB###
RBBB###
BB BBBB
###BBBR
###RRRR
###RRRR
State 131

RRRR###
RBBB###
RBBB###
 BBBBBB
###BBBR
###RRRR
###RRRR
State 132

RRRR###
RBBB###
 BBB###
RBBBBBB
###BBBR
###RRRR
###RRRR
State 133

RRRR###
RBBB###
BB B###
RBBBBBB
###BBBR
###RRRR
###RRRR
State 134

RRRR###
RBBB###
BBBB###
RB BBBB
###BBBR
###RRRR
###RRRR
State 135

RRRR###
RBBB###
BBBB###
 BRBBBB
###BBBR
###RRRR
###RRRR
State 136

RRRR###
RBBB###
BBBB###
B RBBBB
###BBBR
###RRRR
###RRRR
State 137

RRRR###
RBBB###
BBBB###
BBR BBB
###BBBR
###RRRR
###RRRR
State 138

RRRR###
RBBB###
BBBB###
BBRB BB
###BBBR
###RRRR
###RRRR
State 139

RRRR###
RBBB###
BBBB###
BB BRBB
###BBBR
###RRRR
###RRRR
State 140

RRRR###
RBBB###
BBBB###
BBB RBB
###BBBR
###RRRR
###RRRR
State 141

RRRR###
RBBB###
BBBB###
BBBBRBB
### BBR
###RRRR
###RRRR
State 142

RRRR###
RBBB###
BBBB###
BBBBRBB
###BB R
###RRRR
###RRRR
State 143

RRRR###
RBBB###
BBBB###
BBBBRBB
###BBRR
###RR R
###RRRR
State 144

RRRR###
RBBB###
BBBB###
BBBBRBB
###BBRR
###R RR
###RRRR
State 145

RRRR###
RBBB###
BBBB###
BBBB BB
###BBRR
###RRRR
###RRRR
State 146

RRRR###
RBBB###
BBBB###
BB BBBB
###BBRR
###RRRR
###RRRR
State 147

RRRR###
RBBB###
BBBB###
 BBBBBB
###BBRR
###RRRR
###RRRR
State 148

RRRR###
 BBB###
BBBB###
RBBBBBB
###BBRR
###RRRR
###RRRR
State 149

RRRR###
BBBB###
 BBB###
RBBBBBB
###BBRR
###RRRR
###RRRR
State 150

RRRR###
BBBB###
BB B###
RBBBBBB
###BBRR
###RRRR
###RRRR
State 151

RRRR###
BBBB###
BBBB###
RB BBBB
###BBRR
###RRRR
###RRRR
State 152

RRRR###
BBBB###
BBBB###
 BRBBBB
###BBRR
###RRRR
###RRRR
State 153

RRRR###
BBBB###
BBBB###
B RBBBB
###BBRR
###RRRR
###RRRR
State 154

RRRR###
BBBB###
BBBB###
BBR BBB
###BBRR
###RRRR
###RRRR
State 155

RRRR###
BBBB###
BBBB###
BBRB BB
###BBRR
###RRRR
###RRRR
State 156

RRRR###
BBBB###
BBBB###
BB BRBB
###BBRR
###RRRR
###RRRR
State 157

RRRR###
BBBB###
BBBB###
BBB RBB
###BBRR
###RRRR
###RRRR
State 158

RRRR###
BBBB###
BBBB###
BBBBRBB
### BRR
###RRRR
###RRRR
State 159

RRRR###
BBBB###
BBBB###
BBBBRBB
###B RR
###RRRR
###RRRR
State 160

RRRR###
BBBB###
BBBB###
BBBB BB
###BRRR
###RRRR
###RRRR
State 161

RRRR###
BBBB###
BBBB###
BBB BBB
###BRRR
###RRRR
###RRRR
State 162

RRRR###
BBBB###
BBB ###
BBBBBBB
###BRRR
###RRRR
###RRRR
State 163

RRR ###
BBBB###
BBBR###
BBBBBBB
###BRRR
###RRRR
###RRRR
State 164

RRRB###
BBB ###
BBBR###
BBBBBBB
###BRRR
###RRRR
###RRRR
State 165

RRRB###
BBBB###
BBBR###
BBB BBB
###BRRR
###RRRR
###RRRR
State 166

RRRB###
BBBB###
BBBR###
BBBBBBB
### RRR
###RRRR
###RRRR
State 167

RRRB###
BBBB###
BBB ###
BBBBBBB
###RRRR
###RRRR
###RRRR
State 168

RRRB###
BBBB###
BB B###
BBBBBBB
###RRRR
###RRRR
###RRRR
State 169

RR B###
BBBB###
BBRB###
BBBBBBB
###RRRR
###RRRR
###RRRR
State 170

RRBB###
BB B###
BBRB###
BBBBBBB
###RRRR
###RRRR
###RRRR
State 171

RRBB###
BBBB###
BBRB###
BB BBBB
###RRRR
###RRRR
###RRRR
State 172

RRBB###
BBBB###
BB B###
BBRBBBB
###RRRR
###RRRR
###RRRR
State 173

RRBB###
BBBB###
BBB ###
BBRBBBB
###RRRR
###RRRR
###RRRR
State 174

RRBB###
BBBB###
BBBB###
BBR BBB
###RRRR
###RRRR
###RRRR
State 175

RRBB###
BBBB###
BBBB###
BBRB BB
###RRRR
###RRRR
###RRRR
State 176

RRBB###
BBBB###
BBBB###
BB BRBB
###RRRR
###RRRR
###RRRR
State 177

RRBB###
BBBB###
BBBB###
BBB RBB
###RRRR
###RRRR
###RRRR
State 178

RRBB###
BBBB###
BBBB###
BBBBR B
###RRRR
###RRRR
###RRRR
State 179

RRBB###
BBBB###
BBBB###
BBBBRB 
###RRRR
###RRRR
###RRRR
State 180

RRBB###
BBBB###
BBBB###
BBBB BR
###RRRR
###RRRR
###RRRR
State 181

RRBB###
BBBB###
BBBB###
BBB BBR
###RRRR
###RRRR
###RRRR
State 182

RRBB###
BBBB###
BBBB###
B BBBBR
###RRRR
###RRRR
###RRRR
State 183

RRBB###
BBBB###
B BB###
BBBBBBR
###RRRR
###RRRR
###RRRR
State 184

R BB###
BBBB###
BRBB###
BBBBBBR
###RRRR
###RRRR
###RRRR
State 185

RBBB###
B BB###
BRBB###
BBBBBBR
###RRRR
###RRRR
###RRRR
State 186

RBBB###
BBBB###
BRBB###
B BBBBR
###RRRR
###RRRR
###RRRR
State 187

RBBB###
BBBB###
B BB###
BRBBBBR
###RRRR
###RRRR
###RRRR
State 188

RBBB###
BBBB###
BBB ###
BRBBBBR
###RRRR
###RRRR
###RRRR
State 189

RBBB###
BBBB###
BBBB###
BRB BBR
###RRRR
###RRRR
###RRRR
State 190

RBBB###
BBBB###
BBBB###
B BRBBR
###RRRR
###RRRR
###RRRR
State 191

RBBB###
BBBB###
BBBB###
BB RBBR
###RRRR
###RRRR
###RRRR
State 192

RBBB###
BBBB###
BBBB###
BBBR BR
###RRRR
###RRRR
###RRRR
State 193

RBBB###
BBBB###
BBBB###
BBBRB R
###RRRR
###RRRR
###RRRR
State 194

RBBB###
BBBB###
BBBB###
BBB BRR
###RRRR
###RRRR
###RRRR
State 195

RBBB###
BBBB###
BBBB###
BB BBRR
###RRRR
###RRRR
###RRRR
State 196

RBBB###
BBBB###
BBBB###
 BBBBRR
###RRRR
###RRRR
###RRRR
State 197

RBBB###
BBBB###
 BBB###
BBBBBRR
###RRRR
###RRRR
###RRRR
State 198

 BBB###
BBBB###
RBBB###
BBBBBRR
###RRRR
###RRRR
###RRRR
State 199

BBBB###
 BBB###
RBBB###
BBBBBRR
###RRRR
###RRRR
###RRRR
State 200

BBBB###
BBBB###
RBBB###
 BBBBRR
###RRRR
###RRRR
###RRRR
State 201

BBBB###
BBBB###
 BBB###
RBBBBRR
###RRRR
###RRRR
###RRRR
State 202

BBBB###
BBBB###
BB B###
RBBBBRR
###RRRR
###RRRR
###RRRR
State 203

BBBB###
BBBB###
BBBB###
RB BBRR
###RRRR
###RRRR
###RRRR
State 204

BBBB###
BBBB###
BBBB###
 BRBBRR
###RRRR
###RRRR
###RRRR
State 205

BBBB###
BBBB###
BBBB###
B RBBRR
###RRRR
###RRRR
###RRRR
State 206

BBBB###
BBBB###
BBBB###
BBR BRR
###RRRR
###RRRR
###RRRR
State 207

BBBB###
BBBB###
BBBB###
BBRB RR
###RRRR
###RRRR
###RRRR
State 208

BBBB###
BBBB###
BBBB###
BB BRRR
###RRRR
###RRRR
###RRRR
State 209

BBBB###
BBBB###
BBBB###
BBB RRR
###RRRR
###RRRR
###RRRR
State 210

Solution has 210 steps.

