  foreAndAft.cpp
c:\users\kadew\documents\github\foreandaft\foreandaft\foreandaft\foreandaft.cpp(52): error C2374: 'm': redefinition; multiple initialization
  c:\users\kadew\documents\github\foreandaft\foreandaft\foreandaft\foreandaft.cpp(51): note: see declaration of 'm'
c:\users\kadew\documents\github\foreandaft\foreandaft\foreandaft\foreandaft.cpp(55): error C2088: '[': illegal for class
c:\users\kadew\documents\github\foreandaft\foreandaft\foreandaft\foreandaft.cpp(124): error C2039: 'm': is not a member of 'node'
  c:\users\kadew\documents\github\foreandaft\foreandaft\foreandaft\foreandaft.cpp(45): note: see declaration of 'node'
c:\users\kadew\documents\github\foreandaft\foreandaft\foreandaft\foreandaft.cpp(124): error C2660: 'print1puzzle': function does not take 1 arguments
c:\users\kadew\documents\github\foreandaft\foreandaft\foreandaft\foreandaft.cpp(373): error C2039: 'm': is not a member of 'node'
  c:\users\kadew\documents\github\foreandaft\foreandaft\foreandaft\foreandaft.cpp(45): note: see declaration of 'node'
c:\users\kadew\documents\github\foreandaft\foreandaft\foreandaft\foreandaft.cpp(382): error C2039: 'm': is not a member of 'node'
  c:\users\kadew\documents\github\foreandaft\foreandaft\foreandaft\foreandaft.cpp(45): note: see declaration of 'node'
c:\users\kadew\documents\github\foreandaft\foreandaft\foreandaft\foreandaft.cpp(386): error C2039: 'm': is not a member of 'node'
  c:\users\kadew\documents\github\foreandaft\foreandaft\foreandaft\foreandaft.cpp(45): note: see declaration of 'node'
c:\users\kadew\documents\github\foreandaft\foreandaft\foreandaft\foreandaft.cpp(401): error C2039: 'm': is not a member of 'node'
  c:\users\kadew\documents\github\foreandaft\foreandaft\foreandaft\foreandaft.cpp(45): note: see declaration of 'node'
c:\users\kadew\documents\github\foreandaft\foreandaft\foreandaft\foreandaft.cpp(416): error C2039: 'm': is not a member of 'node'
  c:\users\kadew\documents\github\foreandaft\foreandaft\foreandaft\foreandaft.cpp(45): note: see declaration of 'node'
c:\users\kadew\documents\github\foreandaft\foreandaft\foreandaft\foreandaft.cpp(431): error C2039: 'm': is not a member of 'node'
  c:\users\kadew\documents\github\foreandaft\foreandaft\foreandaft\foreandaft.cpp(45): note: see declaration of 'node'
c:\users\kadew\documents\github\foreandaft\foreandaft\foreandaft\foreandaft.cpp(446): error C2039: 'm': is not a member of 'node'
  c:\users\kadew\documents\github\foreandaft\foreandaft\foreandaft\foreandaft.cpp(45): note: see declaration of 'node'
c:\users\kadew\documents\github\foreandaft\foreandaft\foreandaft\foreandaft.cpp(461): error C2039: 'm': is not a member of 'node'
  c:\users\kadew\documents\github\foreandaft\foreandaft\foreandaft\foreandaft.cpp(45): note: see declaration of 'node'
c:\users\kadew\documents\github\foreandaft\foreandaft\foreandaft\foreandaft.cpp(476): error C2039: 'm': is not a member of 'node'
  c:\users\kadew\documents\github\foreandaft\foreandaft\foreandaft\foreandaft.cpp(45): note: see declaration of 'node'
c:\users\kadew\documents\github\foreandaft\foreandaft\foreandaft\foreandaft.cpp(491): error C2039: 'm': is not a member of 'node'
  c:\users\kadew\documents\github\foreandaft\foreandaft\foreandaft\foreandaft.cpp(45): note: see declaration of 'node'
